This is pdfTeX, Version 3.14159265-2.6-1.40.20 (TeX Live 2019) (preloaded format=pdflatex 2020.1.27)  20 JUN 2020 14:01
entering extended mode
 restricted \write18 enabled.
 %&-line parsing enabled.
**example-work.tex
(./example-work.tex
LaTeX2e <2018-12-01>
(./SCWorks.cls (/usr/share/texlive/texmf-dist/tex/latex/extsizes/extarticle.cls
Document Class: extarticle 1996/10/08 v1.0 Non Standard LaTeX document class
(/usr/share/texlive/texmf-dist/tex/latex/extsizes/size14.clo
File: size14.clo 1999/11/11 v1.4a NON-Standard LaTeX file (size option)
)
(/usr/share/texlive/texmf-dist/tex/latex/base/exscale.sty
Package: exscale 2018/09/24 v2.1i Standard LaTeX package exscale
LaTeX Font Info:    Redeclaring symbol font `largesymbols' on input line 57.
LaTeX Font Info:    Overwriting symbol font `largesymbols' in version `normal'
(Font)                  OMX/cmex/m/n --> OMX/cmex/m/n on input line 57.
LaTeX Font Info:    Overwriting symbol font `largesymbols' in version `bold'
(Font)                  OMX/cmex/m/n --> OMX/cmex/m/n on input line 57.
\big@size=\dimen102
)
\c@part=\count80
\c@section=\count81
\c@subsection=\count82
\c@subsubsection=\count83
\c@paragraph=\count84
\c@subparagraph=\count85
\c@figure=\count86
\c@table=\count87
\abovecaptionskip=\skip41
\belowcaptionskip=\skip42
\bibindent=\dimen103
)
(/usr/share/texlive/texmf-dist/tex/latex/geometry/geometry.sty
Package: geometry 2018/04/16 v5.8 Page Geometry

(/usr/share/texlive/texmf-dist/tex/latex/graphics/keyval.sty
Package: keyval 2014/10/28 v1.15 key=value parser (DPC)
\KV@toks@=\toks14
)
(/usr/share/texlive/texmf-dist/tex/generic/oberdiek/ifpdf.sty
Package: ifpdf 2018/09/07 v3.3 Provides the ifpdf switch
)
(/usr/share/texlive/texmf-dist/tex/generic/oberdiek/ifvtex.sty
Package: ifvtex 2016/05/16 v1.6 Detect VTeX and its facilities (HO)
Package ifvtex Info: VTeX not detected.
)
(/usr/share/texlive/texmf-dist/tex/generic/ifxetex/ifxetex.sty
Package: ifxetex 2010/09/12 v0.6 Provides ifxetex conditional
)
\Gm@cnth=\count88
\Gm@cntv=\count89
\c@Gm@tempcnt=\count90
\Gm@bindingoffset=\dimen104
\Gm@wd@mp=\dimen105
\Gm@odd@mp=\dimen106
\Gm@even@mp=\dimen107
\Gm@layoutwidth=\dimen108
\Gm@layoutheight=\dimen109
\Gm@layouthoffset=\dimen110
\Gm@layoutvoffset=\dimen111
\Gm@dimlist=\toks15
)
(/usr/share/texlive/texmf-dist/tex/latex/setspace/setspace.sty
Package: setspace 2011/12/19 v6.7a set line spacing
)
(/usr/share/texlive/texmf-dist/tex/latex/tools/calc.sty
Package: calc 2017/05/25 v4.3 Infix arithmetic (KKT,FJ)
\calc@Acount=\count91
\calc@Bcount=\count92
\calc@Adimen=\dimen112
\calc@Bdimen=\dimen113
\calc@Askip=\skip43
\calc@Bskip=\skip44
LaTeX Info: Redefining \setlength on input line 80.
LaTeX Info: Redefining \addtolength on input line 81.
\calc@Ccount=\count93
\calc@Cskip=\skip45
)
(/usr/share/texlive/texmf-dist/tex/latex/titlesec/titlesec.sty
Package: titlesec 2019/07/16 v2.11 Sectioning titles
\ttl@box=\box27
\beforetitleunit=\skip46
\aftertitleunit=\skip47
\ttl@plus=\dimen114
\ttl@minus=\dimen115
\ttl@toksa=\toks16
\titlewidth=\dimen116
\titlewidthlast=\dimen117
\titlewidthfirst=\dimen118
)
(/usr/share/texlive/texmf-dist/tex/latex/titlesec/titletoc.sty
Package: titletoc 2019/07/16 v2.11 TOC entries
\ttl@leftsep=\dimen119
)
(/usr/share/texlive/texmf-dist/tex/latex/caption/caption.sty
Package: caption 2018/10/06 v3.3-154 Customizing captions (AR)

(/usr/share/texlive/texmf-dist/tex/latex/caption/caption3.sty
Package: caption3 2018/09/12 v1.8c caption3 kernel (AR)
Package caption3 Info: TeX engine: e-TeX on input line 64.
\captionmargin=\dimen120
\captionmargin@=\dimen121
\captionwidth=\dimen122
\caption@tempdima=\dimen123
\caption@indent=\dimen124
\caption@parindent=\dimen125
\caption@hangindent=\dimen126
)
\c@caption@flags=\count94
\c@ContinuedFloat=\count95
)
(/usr/share/texlive/texmf-dist/tex/latex/graphics/graphicx.sty
Package: graphicx 2017/06/01 v1.1a Enhanced LaTeX Graphics (DPC,SPQR)

(/usr/share/texlive/texmf-dist/tex/latex/graphics/graphics.sty
Package: graphics 2017/06/25 v1.2c Standard LaTeX Graphics (DPC,SPQR)

(/usr/share/texlive/texmf-dist/tex/latex/graphics/trig.sty
Package: trig 2016/01/03 v1.10 sin cos tan (DPC)
)
(/usr/share/texlive/texmf-dist/tex/latex/graphics-cfg/graphics.cfg
File: graphics.cfg 2016/06/04 v1.11 sample graphics configuration
)
Package graphics Info: Driver file: pdftex.def on input line 99.

(/usr/share/texlive/texmf-dist/tex/latex/graphics-def/pdftex.def
File: pdftex.def 2018/01/08 v1.0l Graphics/color driver for pdftex
))
\Gin@req@height=\dimen127
\Gin@req@width=\dimen128
)
(/usr/share/texlive/texmf-dist/tex/latex/enumitem/enumitem.sty
Package: enumitem 2019/06/20 v3.9 Customized lists
\labelindent=\skip48
\enit@outerparindent=\dimen129
\enit@toks=\toks17
\enit@inbox=\box28
\enit@count@id=\count96
\enitdp@description=\count97
)
\tmp=\skip49
)
LaTeX Font Info:    Try loading font information for T1+txtt on input line 23.

(/usr/share/texlive/texmf-dist/tex/latex/txfonts/t1txtt.fd
File: t1txtt.fd 2000/12/15 v3.1
)
(/usr/share/texlive/texmf-dist/tex/latex/base/fontenc.sty
Package: fontenc 2018/08/11 v2.0j Standard LaTeX package

(/usr/share/texlive/texmf-dist/tex/latex/cyrillic/t2aenc.def
File: t2aenc.def 2005/09/27 v1.0i Cyrillic encoding definition file
Now handling font encoding T2A ...
... processing UTF-8 mapping file for font encoding T2A

(/usr/share/texlive/texmf-dist/tex/latex/base/t2aenc.dfu
File: t2aenc.dfu 2018/10/05 v1.2f UTF-8 support for inputenc
   defining Unicode char U+00A4 (decimal 164)
   defining Unicode char U+00A7 (decimal 167)
   defining Unicode char U+00AB (decimal 171)
   defining Unicode char U+00BB (decimal 187)
   defining Unicode char U+0131 (decimal 305)
   defining Unicode char U+0237 (decimal 567)
   defining Unicode char U+0400 (decimal 1024)
   defining Unicode char U+0401 (decimal 1025)
   defining Unicode char U+0402 (decimal 1026)
   defining Unicode char U+0403 (decimal 1027)
   defining Unicode char U+0404 (decimal 1028)
   defining Unicode char U+0405 (decimal 1029)
   defining Unicode char U+0406 (decimal 1030)
   defining Unicode char U+0407 (decimal 1031)
   defining Unicode char U+0408 (decimal 1032)
   defining Unicode char U+0409 (decimal 1033)
   defining Unicode char U+040A (decimal 1034)
   defining Unicode char U+040B (decimal 1035)
   defining Unicode char U+040C (decimal 1036)
   defining Unicode char U+040D (decimal 1037)
   defining Unicode char U+040E (decimal 1038)
   defining Unicode char U+040F (decimal 1039)
   defining Unicode char U+0410 (decimal 1040)
   defining Unicode char U+0411 (decimal 1041)
   defining Unicode char U+0412 (decimal 1042)
   defining Unicode char U+0413 (decimal 1043)
   defining Unicode char U+0414 (decimal 1044)
   defining Unicode char U+0415 (decimal 1045)
   defining Unicode char U+0416 (decimal 1046)
   defining Unicode char U+0417 (decimal 1047)
   defining Unicode char U+0418 (decimal 1048)
   defining Unicode char U+0419 (decimal 1049)
   defining Unicode char U+041A (decimal 1050)
   defining Unicode char U+041B (decimal 1051)
   defining Unicode char U+041C (decimal 1052)
   defining Unicode char U+041D (decimal 1053)
   defining Unicode char U+041E (decimal 1054)
   defining Unicode char U+041F (decimal 1055)
   defining Unicode char U+0420 (decimal 1056)
   defining Unicode char U+0421 (decimal 1057)
   defining Unicode char U+0422 (decimal 1058)
   defining Unicode char U+0423 (decimal 1059)
   defining Unicode char U+0424 (decimal 1060)
   defining Unicode char U+0425 (decimal 1061)
   defining Unicode char U+0426 (decimal 1062)
   defining Unicode char U+0427 (decimal 1063)
   defining Unicode char U+0428 (decimal 1064)
   defining Unicode char U+0429 (decimal 1065)
   defining Unicode char U+042A (decimal 1066)
   defining Unicode char U+042B (decimal 1067)
   defining Unicode char U+042C (decimal 1068)
   defining Unicode char U+042D (decimal 1069)
   defining Unicode char U+042E (decimal 1070)
   defining Unicode char U+042F (decimal 1071)
   defining Unicode char U+0430 (decimal 1072)
   defining Unicode char U+0431 (decimal 1073)
   defining Unicode char U+0432 (decimal 1074)
   defining Unicode char U+0433 (decimal 1075)
   defining Unicode char U+0434 (decimal 1076)
   defining Unicode char U+0435 (decimal 1077)
   defining Unicode char U+0436 (decimal 1078)
   defining Unicode char U+0437 (decimal 1079)
   defining Unicode char U+0438 (decimal 1080)
   defining Unicode char U+0439 (decimal 1081)
   defining Unicode char U+043A (decimal 1082)
   defining Unicode char U+043B (decimal 1083)
   defining Unicode char U+043C (decimal 1084)
   defining Unicode char U+043D (decimal 1085)
   defining Unicode char U+043E (decimal 1086)
   defining Unicode char U+043F (decimal 1087)
   defining Unicode char U+0440 (decimal 1088)
   defining Unicode char U+0441 (decimal 1089)
   defining Unicode char U+0442 (decimal 1090)
   defining Unicode char U+0443 (decimal 1091)
   defining Unicode char U+0444 (decimal 1092)
   defining Unicode char U+0445 (decimal 1093)
   defining Unicode char U+0446 (decimal 1094)
   defining Unicode char U+0447 (decimal 1095)
   defining Unicode char U+0448 (decimal 1096)
   defining Unicode char U+0449 (decimal 1097)
   defining Unicode char U+044A (decimal 1098)
   defining Unicode char U+044B (decimal 1099)
   defining Unicode char U+044C (decimal 1100)
   defining Unicode char U+044D (decimal 1101)
   defining Unicode char U+044E (decimal 1102)
   defining Unicode char U+044F (decimal 1103)
   defining Unicode char U+0450 (decimal 1104)
   defining Unicode char U+0451 (decimal 1105)
   defining Unicode char U+0452 (decimal 1106)
   defining Unicode char U+0453 (decimal 1107)
   defining Unicode char U+0454 (decimal 1108)
   defining Unicode char U+0455 (decimal 1109)
   defining Unicode char U+0456 (decimal 1110)
   defining Unicode char U+0457 (decimal 1111)
   defining Unicode char U+0458 (decimal 1112)
   defining Unicode char U+0459 (decimal 1113)
   defining Unicode char U+045A (decimal 1114)
   defining Unicode char U+045B (decimal 1115)
   defining Unicode char U+045C (decimal 1116)
   defining Unicode char U+045D (decimal 1117)
   defining Unicode char U+045E (decimal 1118)
   defining Unicode char U+045F (decimal 1119)
   defining Unicode char U+0490 (decimal 1168)
   defining Unicode char U+0491 (decimal 1169)
   defining Unicode char U+0492 (decimal 1170)
   defining Unicode char U+0493 (decimal 1171)
   defining Unicode char U+0496 (decimal 1174)
   defining Unicode char U+0497 (decimal 1175)
   defining Unicode char U+0498 (decimal 1176)
   defining Unicode char U+0499 (decimal 1177)
   defining Unicode char U+049A (decimal 1178)
   defining Unicode char U+049B (decimal 1179)
   defining Unicode char U+049C (decimal 1180)
   defining Unicode char U+049D (decimal 1181)
   defining Unicode char U+04A0 (decimal 1184)
   defining Unicode char U+04A1 (decimal 1185)
   defining Unicode char U+04A2 (decimal 1186)
   defining Unicode char U+04A3 (decimal 1187)
   defining Unicode char U+04A4 (decimal 1188)
   defining Unicode char U+04A5 (decimal 1189)
   defining Unicode char U+04AA (decimal 1194)
   defining Unicode char U+04AB (decimal 1195)
   defining Unicode char U+04AE (decimal 1198)
   defining Unicode char U+04AF (decimal 1199)
   defining Unicode char U+04B0 (decimal 1200)
   defining Unicode char U+04B1 (decimal 1201)
   defining Unicode char U+04B2 (decimal 1202)
   defining Unicode char U+04B3 (decimal 1203)
   defining Unicode char U+04B6 (decimal 1206)
   defining Unicode char U+04B7 (decimal 1207)
   defining Unicode char U+04B8 (decimal 1208)
   defining Unicode char U+04B9 (decimal 1209)
   defining Unicode char U+04BA (decimal 1210)
   defining Unicode char U+04BB (decimal 1211)
   defining Unicode char U+04C0 (decimal 1216)
   defining Unicode char U+04C1 (decimal 1217)
   defining Unicode char U+04C2 (decimal 1218)
   defining Unicode char U+04D0 (decimal 1232)
   defining Unicode char U+04D1 (decimal 1233)
   defining Unicode char U+04D2 (decimal 1234)
   defining Unicode char U+04D3 (decimal 1235)
   defining Unicode char U+04D4 (decimal 1236)
   defining Unicode char U+04D5 (decimal 1237)
   defining Unicode char U+04D6 (decimal 1238)
   defining Unicode char U+04D7 (decimal 1239)
   defining Unicode char U+04D8 (decimal 1240)
   defining Unicode char U+04D9 (decimal 1241)
   defining Unicode char U+04DA (decimal 1242)
   defining Unicode char U+04DB (decimal 1243)
   defining Unicode char U+04DC (decimal 1244)
   defining Unicode char U+04DD (decimal 1245)
   defining Unicode char U+04DE (decimal 1246)
   defining Unicode char U+04DF (decimal 1247)
   defining Unicode char U+04E2 (decimal 1250)
   defining Unicode char U+04E3 (decimal 1251)
   defining Unicode char U+04E4 (decimal 1252)
   defining Unicode char U+04E5 (decimal 1253)
   defining Unicode char U+04E6 (decimal 1254)
   defining Unicode char U+04E7 (decimal 1255)
   defining Unicode char U+04E8 (decimal 1256)
   defining Unicode char U+04E9 (decimal 1257)
   defining Unicode char U+04EC (decimal 1260)
   defining Unicode char U+04ED (decimal 1261)
   defining Unicode char U+04EE (decimal 1262)
   defining Unicode char U+04EF (decimal 1263)
   defining Unicode char U+04F0 (decimal 1264)
   defining Unicode char U+04F1 (decimal 1265)
   defining Unicode char U+04F2 (decimal 1266)
   defining Unicode char U+04F3 (decimal 1267)
   defining Unicode char U+04F4 (decimal 1268)
   defining Unicode char U+04F5 (decimal 1269)
   defining Unicode char U+04F8 (decimal 1272)
   defining Unicode char U+04F9 (decimal 1273)
   defining Unicode char U+200C (decimal 8204)
   defining Unicode char U+2013 (decimal 8211)
   defining Unicode char U+2014 (decimal 8212)
   defining Unicode char U+2018 (decimal 8216)
   defining Unicode char U+2019 (decimal 8217)
   defining Unicode char U+201C (decimal 8220)
   defining Unicode char U+201D (decimal 8221)
   defining Unicode char U+201E (decimal 8222)
   defining Unicode char U+2030 (decimal 8240)
   defining Unicode char U+2031 (decimal 8241)
   defining Unicode char U+2116 (decimal 8470)
   defining Unicode char U+2329 (decimal 9001)
   defining Unicode char U+232A (decimal 9002)
   defining Unicode char U+2423 (decimal 9251)
))
LaTeX Font Info:    Try loading font information for T2A+cmr on input line 105.


(/usr/share/texlive/texmf-dist/tex/latex/cyrillic/t2acmr.fd
File: t2acmr.fd 2001/08/11 v1.0a Computer Modern Cyrillic font definitions
))
(/usr/share/texlive/texmf-dist/tex/latex/base/inputenc.sty
Package: inputenc 2018/08/11 v1.3c Input encoding file
\inpenc@prehook=\toks18
\inpenc@posthook=\toks19

(/usr/share/texlive/texmf-dist/tex/latex/cyrillic/cp1251.def
File: cp1251.def 2014/10/28 v1.0d Input encoding file
))
(/usr/share/texlive/texmf-dist/tex/latex/cite/cite.sty
LaTeX Info: Redefining \cite on input line 302.
LaTeX Info: Redefining \nocite on input line 332.
Package: cite 2015/02/27  v 5.5
)
(/usr/share/texlive/texmf-dist/tex/latex/amsmath/amsmath.sty
Package: amsmath 2018/12/01 v2.17b AMS math features
\@mathmargin=\skip50

For additional information on amsmath, use the `?' option.
(/usr/share/texlive/texmf-dist/tex/latex/amsmath/amstext.sty
Package: amstext 2000/06/29 v2.01 AMS text

(/usr/share/texlive/texmf-dist/tex/latex/amsmath/amsgen.sty
File: amsgen.sty 1999/11/30 v2.0 generic functions
\@emptytoks=\toks20
\ex@=\dimen130
))
(/usr/share/texlive/texmf-dist/tex/latex/amsmath/amsbsy.sty
Package: amsbsy 1999/11/29 v1.2d Bold Symbols
\pmbraise@=\dimen131
)
(/usr/share/texlive/texmf-dist/tex/latex/amsmath/amsopn.sty
Package: amsopn 2016/03/08 v2.02 operator names
)
\inf@bad=\count98
LaTeX Info: Redefining \frac on input line 223.
\uproot@=\count99
\leftroot@=\count100
LaTeX Info: Redefining \overline on input line 385.
\classnum@=\count101
\DOTSCASE@=\count102
LaTeX Info: Redefining \ldots on input line 482.
LaTeX Info: Redefining \dots on input line 485.
LaTeX Info: Redefining \cdots on input line 606.
\Mathstrutbox@=\box29
\strutbox@=\box30
\big@size=\dimen132
LaTeX Font Info:    Redeclaring font encoding OML on input line 729.
LaTeX Font Info:    Redeclaring font encoding OMS on input line 730.
\macc@depth=\count103
\c@MaxMatrixCols=\count104
\dotsspace@=\muskip10
\c@parentequation=\count105
\dspbrk@lvl=\count106
\tag@help=\toks21
\row@=\count107
\column@=\count108
\maxfields@=\count109
\andhelp@=\toks22
\eqnshift@=\dimen133
\alignsep@=\dimen134
\tagshift@=\dimen135
\tagwidth@=\dimen136
\totwidth@=\dimen137
\lineht@=\dimen138
\@envbody=\toks23
\multlinegap=\skip51
\multlinetaggap=\skip52
\mathdisplay@stack=\toks24
LaTeX Info: Redefining \[ on input line 2844.
LaTeX Info: Redefining \] on input line 2845.
)
(/usr/share/texlive/texmf-dist/tex/latex/amsfonts/amssymb.sty
Package: amssymb 2013/01/14 v3.01 AMS font symbols

(/usr/share/texlive/texmf-dist/tex/latex/amsfonts/amsfonts.sty
Package: amsfonts 2013/01/14 v3.01 Basic AMSFonts support
\symAMSa=\mathgroup4
\symAMSb=\mathgroup5
LaTeX Font Info:    Overwriting math alphabet `\mathfrak' in version `bold'
(Font)                  U/euf/m/n --> U/euf/b/n on input line 106.
))
(/usr/share/texlive/texmf-dist/tex/latex/amscls/amsthm.sty
Package: amsthm 2017/10/31 v2.20.4
\thm@style=\toks25
\thm@bodyfont=\toks26
\thm@headfont=\toks27
\thm@notefont=\toks28
\thm@headpunct=\toks29
\thm@preskip=\skip53
\thm@postskip=\skip54
\thm@headsep=\skip55
\dth@everypar=\toks30
)
(/usr/share/texlive/texmf-dist/tex/latex/fancyvrb/fancyvrb.sty
Package: fancyvrb 2019/01/15

Style option: `fancyvrb' v3.2a <2019/01/15> (tvz)
\FV@CodeLineNo=\count110
\FV@InFile=\read1
\FV@TabBox=\box31
\c@FancyVerbLine=\count111
\FV@StepNumber=\count112
\FV@OutFile=\write3
)
(/usr/share/texlive/texmf-dist/tex/latex/tools/longtable.sty
Package: longtable 2014/10/28 v4.11 Multi-page Table package (DPC)+ FMi change
\LTleft=\skip56
\LTright=\skip57
\LTpre=\skip58
\LTpost=\skip59
\LTchunksize=\count113
\LTcapwidth=\dimen139
\LT@head=\box32
\LT@firsthead=\box33
\LT@foot=\box34
\LT@lastfoot=\box35
\LT@cols=\count114
\LT@rows=\count115
\c@LT@tables=\count116
\c@LT@chunks=\count117
\LT@p@ftn=\toks31
)
(/usr/share/texlive/texmf-dist/tex/latex/tools/array.sty
Package: array 2018/12/30 v2.4k Tabular extension package (FMi)
\col@sep=\dimen140
\ar@mcellbox=\box36
\extrarowheight=\dimen141
\NC@list=\toks32
\extratabsurround=\skip60
\backup@length=\skip61
\ar@cellbox=\box37
)
(/usr/share/texlive/texmf-dist/tex/latex/graphics/color.sty
Package: color 2016/07/10 v1.1e Standard LaTeX Color (DPC)

(/usr/share/texlive/texmf-dist/tex/latex/graphics-cfg/color.cfg
File: color.cfg 2016/01/02 v1.6 sample color configuration
)
Package color Info: Driver file: pdftex.def on input line 147.
)
(/usr/share/texlive/texmf-dist/tex/latex/xcolor/xcolor.sty
Package: xcolor 2016/05/11 v2.12 LaTeX color extensions (UK)

(/usr/share/texlive/texmf-dist/tex/latex/graphics-cfg/color.cfg
File: color.cfg 2016/01/02 v1.6 sample color configuration
)
Package xcolor Info: Driver file: pdftex.def on input line 225.
LaTeX Info: Redefining \color on input line 709.
Package xcolor Info: Model `cmy' substituted by `cmy0' on input line 1348.
Package xcolor Info: Model `hsb' substituted by `rgb' on input line 1352.
Package xcolor Info: Model `RGB' extended on input line 1364.
Package xcolor Info: Model `HTML' substituted by `rgb' on input line 1366.
Package xcolor Info: Model `Hsb' substituted by `hsb' on input line 1367.
Package xcolor Info: Model `tHsb' substituted by `hsb' on input line 1368.
Package xcolor Info: Model `HSB' substituted by `hsb' on input line 1369.
Package xcolor Info: Model `Gray' substituted by `gray' on input line 1370.
Package xcolor Info: Model `wave' substituted by `hsb' on input line 1371.
)
(/usr/share/texlive/texmf-dist/tex/latex/listings/listings.sty
\lst@mode=\count118
\lst@gtempboxa=\box38
\lst@token=\toks33
\lst@length=\count119
\lst@currlwidth=\dimen142
\lst@column=\count120
\lst@pos=\count121
\lst@lostspace=\dimen143
\lst@width=\dimen144
\lst@newlines=\count122
\lst@lineno=\count123
\lst@maxwidth=\dimen145

(/usr/share/texlive/texmf-dist/tex/latex/listings/lstmisc.sty
File: lstmisc.sty 2019/02/27 1.8b (Carsten Heinz)
\c@lstnumber=\count124
\lst@skipnumbers=\count125
\lst@framebox=\box39
)
(/usr/share/texlive/texmf-dist/tex/latex/listings/listings.cfg
File: listings.cfg 2019/02/27 1.8b listings configuration
))
Package: listings 2019/02/27 1.8b (Carsten Heinz)

(/usr/share/texlive/texmf-dist/tex/generic/babel/babel.sty
Package: babel 2019/07/19 3.33 The Babel package

(/usr/share/texlive/texmf-dist/tex/generic/babel/switch.def
File: switch.def 2019/07/19 3.33 Babel switching mechanism
)
(/usr/share/texlive/texmf-dist/tex/generic/babel-english/english.ldf
Language: english 2017/06/06 v3.3r English support from the babel system

(/usr/share/texlive/texmf-dist/tex/generic/babel/babel.def
File: babel.def 2019/07/19 3.33 Babel common definitions
\babel@savecnt=\count126
\U@D=\dimen146

(/usr/share/texlive/texmf-dist/tex/generic/babel/txtbabel.def)
\bbl@dirlevel=\count127
)
\l@british = a dialect from \language\l@english 
\l@UKenglish = a dialect from \language\l@english 
\l@canadian = a dialect from \language\l@american 
\l@australian = a dialect from \language\l@british 
\l@newzealand = a dialect from \language\l@british 
)
(/usr/share/texlive/texmf-dist/tex/generic/babel-russian/russianb.ldf
Language: russian 2017/08/12 1.3j Russian support for the Babel system


Package babel Warning: No hyphenation patterns were preloaded for
(babel)                the language `Russian' into the format.
(babel)                Please, configure your TeX system to add them and
(babel)                rebuild the format. Now I will use the patterns
(babel)                preloaded for english instead on input line 28.

\l@russian = a dialect from \language0
Package babel Info: Making " an active character on input line 120.
Package babel Info: Default for \cyrdash is provided on input line 157.
)) (/usr/share/texlive/texmf-dist/tex/latex/hyperref/hyperref.sty
Package: hyperref 2019/06/12 v6.88h Hypertext links for LaTeX

(/usr/share/texlive/texmf-dist/tex/generic/oberdiek/hobsub-hyperref.sty
Package: hobsub-hyperref 2016/05/16 v1.14 Bundle oberdiek, subset hyperref (HO)


(/usr/share/texlive/texmf-dist/tex/generic/oberdiek/hobsub-generic.sty
Package: hobsub-generic 2016/05/16 v1.14 Bundle oberdiek, subset generic (HO)
Package: hobsub 2016/05/16 v1.14 Construct package bundles (HO)
Package: infwarerr 2016/05/16 v1.4 Providing info/warning/error messages (HO)
Package: ltxcmds 2016/05/16 v1.23 LaTeX kernel commands for general use (HO)
Package: ifluatex 2016/05/16 v1.4 Provides the ifluatex switch (HO)
Package ifluatex Info: LuaTeX not detected.
Package hobsub Info: Skipping package `ifvtex' (already loaded).
Package: intcalc 2016/05/16 v1.2 Expandable calculations with integers (HO)
Package hobsub Info: Skipping package `ifpdf' (already loaded).
Package: etexcmds 2016/05/16 v1.6 Avoid name clashes with e-TeX commands (HO)
Package: kvsetkeys 2016/05/16 v1.17 Key value parser (HO)
Package: kvdefinekeys 2016/05/16 v1.4 Define keys (HO)
Package: pdftexcmds 2018/09/10 v0.29 Utility functions of pdfTeX for LuaTeX (HO
)
Package pdftexcmds Info: LuaTeX not detected.
Package pdftexcmds Info: \pdf@primitive is available.
Package pdftexcmds Info: \pdf@ifprimitive is available.
Package pdftexcmds Info: \pdfdraftmode found.
Package: pdfescape 2016/05/16 v1.14 Implements pdfTeX's escape features (HO)
Package: bigintcalc 2016/05/16 v1.4 Expandable calculations on big integers (HO
)
Package: bitset 2016/05/16 v1.2 Handle bit-vector datatype (HO)
Package: uniquecounter 2016/05/16 v1.3 Provide unlimited unique counter (HO)
)
Package hobsub Info: Skipping package `hobsub' (already loaded).
Package: letltxmacro 2016/05/16 v1.5 Let assignment for LaTeX macros (HO)
Package: hopatch 2016/05/16 v1.3 Wrapper for package hooks (HO)
Package: xcolor-patch 2016/05/16 xcolor patch
Package: atveryend 2016/05/16 v1.9 Hooks at the very end of document (HO)
Package atveryend Info: \enddocument detected (standard20110627).
Package: atbegshi 2016/06/09 v1.18 At begin shipout hook (HO)
Package: refcount 2016/05/16 v3.5 Data extraction from label references (HO)
Package: hycolor 2016/05/16 v1.8 Color options for hyperref/bookmark (HO)
)
(/usr/share/texlive/texmf-dist/tex/latex/oberdiek/auxhook.sty
Package: auxhook 2016/05/16 v1.4 Hooks for auxiliary files (HO)
)
(/usr/share/texlive/texmf-dist/tex/latex/oberdiek/kvoptions.sty
Package: kvoptions 2016/05/16 v3.12 Key value format for package options (HO)
)
\@linkdim=\dimen147
\Hy@linkcounter=\count128
\Hy@pagecounter=\count129

(/usr/share/texlive/texmf-dist/tex/latex/hyperref/pd1enc.def
File: pd1enc.def 2019/06/12 v6.88h Hyperref: PDFDocEncoding definition (HO)
Now handling font encoding PD1 ...
... no UTF-8 mapping file for font encoding PD1
)
\Hy@SavedSpaceFactor=\count130
Package hyperref Info: Option `unicode' set `true' on input line 3505.

(/usr/share/texlive/texmf-dist/tex/latex/hyperref/puenc.def
File: puenc.def 2019/06/12 v6.88h Hyperref: PDF Unicode definition (HO)
Now handling font encoding PU ...
... no UTF-8 mapping file for font encoding PU
)
(/usr/share/texlive/texmf-dist/tex/latex/latexconfig/hyperref.cfg
File: hyperref.cfg 2002/06/06 v1.2 hyperref configuration of TeXLive
)
Package hyperref Info: Option `colorlinks' set `true' on input line 4424.
Package hyperref Info: Hyper figures OFF on input line 4550.
Package hyperref Info: Link nesting OFF on input line 4555.
Package hyperref Info: Hyper index ON on input line 4558.
Package hyperref Info: Plain pages OFF on input line 4565.
Package hyperref Info: Backreferencing OFF on input line 4570.
Package hyperref Info: Implicit mode ON; LaTeX internals redefined.
Package hyperref Info: Bookmarks ON on input line 4803.
\c@Hy@tempcnt=\count131

(/usr/share/texlive/texmf-dist/tex/latex/url/url.sty
\Urlmuskip=\muskip11
Package: url 2013/09/16  ver 3.4  Verb mode for urls, etc.
)
LaTeX Info: Redefining \url on input line 5156.
\XeTeXLinkMargin=\dimen148
\Fld@menulength=\count132
\Field@Width=\dimen149
\Fld@charsize=\dimen150
Package hyperref Info: Hyper figures OFF on input line 6411.
Package hyperref Info: Link nesting OFF on input line 6416.
Package hyperref Info: Hyper index ON on input line 6419.
Package hyperref Info: backreferencing OFF on input line 6426.
Package hyperref Info: Link coloring ON on input line 6429.
Package hyperref Info: Link coloring with OCG OFF on input line 6436.
Package hyperref Info: PDF/A mode OFF on input line 6441.
LaTeX Info: Redefining \ref on input line 6481.
LaTeX Info: Redefining \pageref on input line 6485.
\Hy@abspage=\count133
\c@Item=\count134
\c@Hfootnote=\count135
)
Package hyperref Info: Driver (autodetected): hpdftex.

(/usr/share/texlive/texmf-dist/tex/latex/hyperref/hpdftex.def
File: hpdftex.def 2019/06/12 v6.88h Hyperref driver for pdfTeX
\Fld@listcount=\count136
\c@bookmark@seq@number=\count137

(/usr/share/texlive/texmf-dist/tex/latex/oberdiek/rerunfilecheck.sty
Package: rerunfilecheck 2016/05/16 v1.8 Rerun checks for auxiliary files (HO)
Package uniquecounter Info: New unique counter `rerunfilecheck' on input line 2
82.
)
\Hy@SectionHShift=\skip62
)
\c@lem=\count138

(./example-work.aux)
\openout1 = `example-work.aux'.

LaTeX Font Info:    Checking defaults for OML/cmm/m/it on input line 88.
LaTeX Font Info:    ... okay on input line 88.
LaTeX Font Info:    Checking defaults for T1/cmr/m/n on input line 88.
LaTeX Font Info:    ... okay on input line 88.
LaTeX Font Info:    Checking defaults for OT1/cmr/m/n on input line 88.
LaTeX Font Info:    ... okay on input line 88.
LaTeX Font Info:    Checking defaults for OMS/cmsy/m/n on input line 88.
LaTeX Font Info:    ... okay on input line 88.
LaTeX Font Info:    Checking defaults for OMX/cmex/m/n on input line 88.
LaTeX Font Info:    ... okay on input line 88.
LaTeX Font Info:    Checking defaults for U/cmr/m/n on input line 88.
LaTeX Font Info:    ... okay on input line 88.
LaTeX Font Info:    Checking defaults for T2A/cmr/m/n on input line 88.
LaTeX Font Info:    ... okay on input line 88.
LaTeX Font Info:    Checking defaults for PD1/pdf/m/n on input line 88.
LaTeX Font Info:    ... okay on input line 88.
LaTeX Font Info:    Checking defaults for PU/pdf/m/n on input line 88.
LaTeX Font Info:    ... okay on input line 88.

*geometry* driver: auto-detecting
*geometry* detected driver: pdftex
*geometry* verbose mode - [ preamble ] result:
* driver: pdftex
* paper: a4paper
* layout: <same size as paper>
* layoutoffset:(h,v)=(0.0pt,0.0pt)
* modes: 
* h-part:(L,W,R)=(71.13188pt, 483.69687pt, 42.67912pt)
* v-part:(T,H,B)=(56.9055pt, 731.23584pt, 56.9055pt)
* \paperwidth=597.50787pt
* \paperheight=845.04684pt
* \textwidth=483.69687pt
* \textheight=731.23584pt
* \oddsidemargin=-1.1381pt
* \evensidemargin=-1.1381pt
* \topmargin=-15.36449pt
* \headheight=0.0pt
* \headsep=0.0pt
* \topskip=14.0pt
* \footskip=28.45274pt
* \marginparwidth=24.0pt
* \marginparsep=10.0pt
* \columnsep=10.0pt
* \skip\footins=12.0pt plus 4.0pt minus 2.0pt
* \hoffset=0.0pt
* \voffset=0.0pt
* \mag=1000
* \@twocolumnfalse
* \@twosidefalse
* \@mparswitchfalse
* \@reversemarginfalse
* (1in=72.27pt=25.4mm, 1cm=28.453pt)

Package caption Info: Begin \AtBeginDocument code.
Package caption Info: hyperref package is loaded.
Package caption Info: listings package is loaded.
Package caption Info: longtable package is loaded.
(/usr/share/texlive/texmf-dist/tex/latex/caption/ltcaption.sty
Package: ltcaption 2018/08/26 v1.4-95 longtable captions (AR)
)
Package caption Info: End \AtBeginDocument code.

(/usr/share/texlive/texmf-dist/tex/context/base/mkii/supp-pdf.mkii
[Loading MPS to PDF converter (version 2006.09.02).]
\scratchcounter=\count139
\scratchdimen=\dimen151
\scratchbox=\box40
\nofMPsegments=\count140
\nofMParguments=\count141
\everyMPshowfont=\toks34
\MPscratchCnt=\count142
\MPscratchDim=\dimen152
\MPnumerator=\count143
\makeMPintoPDFobject=\count144
\everyMPtoPDFconversion=\toks35
) (/usr/share/texlive/texmf-dist/tex/latex/oberdiek/epstopdf-base.sty
Package: epstopdf-base 2016/05/15 v2.6 Base part for package epstopdf

(/usr/share/texlive/texmf-dist/tex/latex/oberdiek/grfext.sty
Package: grfext 2016/05/16 v1.2 Manage graphics extensions (HO)
)
Package epstopdf-base Info: Redefining graphics rule for `.eps' on input line 4
38.
Package grfext Info: Graphics extension search list:
(grfext)             [.pdf,.png,.jpg,.mps,.jpeg,.jbig2,.jb2,.PDF,.PNG,.JPG,.JPE
G,.JBIG2,.JB2,.eps]
(grfext)             \AppendGraphicsExtensions on input line 456.

(/usr/share/texlive/texmf-dist/tex/latex/latexconfig/epstopdf-sys.cfg
File: epstopdf-sys.cfg 2010/07/13 v1.3 Configuration of (r)epstopdf for TeX Liv
e
))
\c@lstlisting=\count145
\AtBeginShipoutBox=\box41
Package hyperref Info: Link coloring ON on input line 88.

(/usr/share/texlive/texmf-dist/tex/latex/hyperref/nameref.sty
Package: nameref 2016/05/21 v2.44 Cross-referencing by name of section

(/usr/share/texlive/texmf-dist/tex/generic/oberdiek/gettitlestring.sty
Package: gettitlestring 2016/05/16 v1.5 Cleanup title references (HO)
)
\c@section@level=\count146
)
LaTeX Info: Redefining \ref on input line 88.
LaTeX Info: Redefining \pageref on input line 88.
LaTeX Info: Redefining \nameref on input line 88.

(./example-work.out) (./example-work.out)
\@outlinefile=\write4
\openout4 = `example-work.out'.

 [1

{/usr/share/texlive/texmf-dist/fonts/map/pdftex/updmap/pdftex.map}] (./example-
work.toc
LaTeX Font Info:    Try loading font information for U+msa on input line 2.

(/usr/share/texlive/texmf-dist/tex/latex/amsfonts/umsa.fd
File: umsa.fd 2013/01/14 v3.01 AMS symbols A
)
LaTeX Font Info:    Try loading font information for U+msb on input line 2.

(/usr/share/texlive/texmf-dist/tex/latex/amsfonts/umsb.fd
File: umsb.fd 2013/01/14 v3.01 AMS symbols B
)
Overfull \hbox (29.02917pt too wide) in paragraph at lines 5--5
 [][] [][][]\T2A/cmr/m/n/14.4 Синхронизация узлов распределјнной системы. Понят
ие логических 
 []

)
\tf@toc=\write5
\openout5 = `example-work.toc'.

 [2

]
Overfull \hbox (9.3932pt too wide) in paragraph at lines 175--176
\T2A/cmr/m/n/14.4 компьютерных систем имеет похожую историю: монолитные однопро
цессорные
 []


Overfull \hbox (0.5801pt too wide) in paragraph at lines 177--178
[]\T2A/cmr/m/n/14.4 Особенно остро изменения в многопоточных и распределјнных с
истемах
 []


Overfull \hbox (35.46193pt too wide) in paragraph at lines 177--178
\T2A/cmr/m/n/14.4 нарастание привлекательности горизонтального масштабирования 
распределјнных
 []


Overfull \hbox (40.58809pt too wide) in paragraph at lines 179--180
\T2A/cmr/m/n/14.4 управляемой системе должны либо состоять в строгой иерархии, 
либо поддерживать
 []


Overfull \hbox (22.853pt too wide) in paragraph at lines 181--182
[]\T2A/cmr/m/n/14.4 Алгоритмы консенсуса являются одним из способов организации
 сообщения
 []


Overfull \hbox (2.53049pt too wide) in paragraph at lines 181--182
\T2A/cmr/m/n/14.4 узлов в децентрализованных распределјнных системах. Эти алгор
итмы лежат
 []


Overfull \hbox (5.33456pt too wide) in paragraph at lines 183--184
[]\T2A/cmr/m/n/14.4 В данной работе основное внимание будет посвящено именно ал
горитмам
 []


Overfull \hbox (13.16733pt too wide) in paragraph at lines 192--193
\T2A/cmr/m/n/14.4 часов, консенсуса; также будет рассмотрены модель логических 
часов Лампорта
 []

[3

]
Overfull \hbox (11.03928pt too wide) in paragraph at lines 194--195
[]\T2A/cmr/m/n/14.4 Во второй части будет реализована распределјнная система и 
предложена
 []


Overfull \hbox (4.55765pt too wide) in paragraph at lines 196--197
[]\T2A/cmr/m/n/14.4 Работа состоит из содержания, введения, двух глав, заключен
ия и списка
 []

[4]
Overfull \hbox (10.71523pt too wide) in paragraph at lines 211--212
\T2A/cmr/m/n/14.4 соглашения. Конечный пользователь видит соглашение как единую
 логическую
 []


Overfull \hbox (4.99269pt too wide) in paragraph at lines 213--214
\T2A/cmr/m/n/14.4 распределјнной системе. Все узлы способны отправлять и получа
ть сообщения
 []


Overfull \hbox (5.16061pt too wide) in paragraph at lines 215--216
[]\T2A/cmr/m/n/14.4 Существует несколько состояний надјжности передаваемой инфо
рмации
 []


Overfull \hbox (16.4205pt too wide) in paragraph at lines 217--218
\T2A/cmr/m/n/14.4 организации взаимодействия между несколькими узлами, некоторы
е из которых
 []


Overfull \hbox (10.17755pt too wide) in paragraph at lines 217--218
\T2A/cmr/m/n/14.4 Byzan-tine gen-er-als prob-lem) или византийская задача отказ
оустойчивости (англ.
 []


Overfull \hbox (0.42671pt too wide) in paragraph at lines 217--218
\T2A/cmr/m/n/14.4 признаком неисправности, но также и признаком злоумышленного 
поведения,
 []


Overfull \hbox (5.93245pt too wide) in paragraph at lines 217--218
\T2A/cmr/m/n/14.4 образом, непредвиденное поведение узла в распределјнной сети 
можно назвать
 []


Overfull \hbox (16.22643pt too wide) in paragraph at lines 222--223
\T2A/cmr/m/n/14.4 Лампорта. Распределјнные системы состоят из множества отдельн
ых процессов,
 []


Overfull \hbox (10.50612pt too wide) in paragraph at lines 222--223
\T2A/cmr/m/n/14.4 которые упорядочены и разделены в пространстве, и которые мог
ут сообщаться
 []


Overfull \hbox (23.43158pt too wide) in paragraph at lines 224--225
[]\T2A/cmr/m/n/14.4 Концепция времени фундаментальна для человеческого способа 
мышления.
 []

[5

]
Overfull \hbox (5.71725pt too wide) in paragraph at lines 228--229
[]\T2A/cmr/m/n/14.4 К сожалению, в распределјнных системах невозможно определит
ь, какое
 []


Overfull \hbox (7.09651pt too wide) in paragraph at lines 228--229
\T2A/cmr/m/n/14.4 из двух событий произошло первым, если время задержки между с
ообщениями
 []


Overfull \hbox (24.75969pt too wide) in paragraph at lines 230--231
[]\T2A/cmr/m/n/14.4 Предположим, что система состоит из конечного набора процес
сов. Каждый
 []


Overfull \hbox (13.09372pt too wide) in paragraph at lines 234--235
\T2A/cmr/m/n/14.4 прежде события $\OML/cmm/m/it/14.4 b$\T2A/cmr/m/n/14.4 . Такж
е предположим, что отправка или получение сообщения
 []


Overfull \hbox (24.36142pt too wide) in paragraph at lines 242--243
[]\T2A/cmr/m/n/14.4 На рисунке 1 вертикаль моделирует время: более позднее собы
тие находится
 []

[6]
Overfull \hbox (22.5181pt too wide) in paragraph at lines 266--269
\T2A/cmr/m/n/14.4 события. Для описания следующего правила потребуем, чтобы каж
дое сообщение
 []


Overfull \hbox (5.77615pt too wide) in paragraph at lines 266--269
\T2A/cmr/m/n/14.4 m содержало временную отметку $\OML/cmm/m/it/14.4 T[]$\T2A/cm
r/m/n/14.4 , которая эквивалентна времени, в которое
 []

[7]
Overfull \hbox (10.72115pt too wide) in paragraph at lines 290--291
\T2A/cmr/m/n/14.4 сообщающихся благодаря отправке сообщений. Важное требование:
 соглашение
 []


Overfull \hbox (26.13197pt too wide) in paragraph at lines 290--291
\T2A/cmr/m/n/14.4 одного или нескольки процессов. Предположим, что сообщение ме
жду процессами
 []


Overfull \hbox (6.12933pt too wide) in paragraph at lines 290--291
\T2A/cmr/m/n/14.4 надјжное, но процессы всј ещј могут выйти из строя. Мы будем 
рассматривать
 []


Overfull \hbox (31.98335pt too wide) in paragraph at lines 293--294
[]\T2A/cmr/bx/n/14.4 Определение проблемы консенсуса \T2A/cmr/m/n/14.4 Для того
, чтобы достичь консенсуса,
 []


Overfull \hbox (19.07039pt too wide) in paragraph at lines 293--294
\T2A/cmr/m/n/14.4 каждый процесс $\OML/cmm/m/it/14.4 p[]$ \T2A/cmr/m/n/14.4 в \
T2A/cmr/m/it/14.4 не принявший решений \T2A/cmr/m/n/14.4 состоянии \T2A/cmr/m/i
t/14.4 предлагает \T2A/cmr/m/n/14.4 единственное
 []


Overfull \hbox (0.62207pt too wide) in paragraph at lines 293--294
\T2A/cmr/m/n/14.4 другом с помощью обмена значений. Каждый процесс устанавливае
т значение
 []


Overfull \hbox (2.35664pt too wide) in paragraph at lines 299--300
[]\T2A/cmr/m/it/14.4 Прерывание\T2A/cmr/m/n/14.4 : Случай, когда для каждого пр
оцесса выставленно значение
 []


Overfull \hbox (17.03992pt too wide) in paragraph at lines 301--302
[]\T2A/cmr/m/it/14.4 Соглашение\T2A/cmr/m/n/14.4 : Значение решения для всех ко
рректно работающих процессов
 []


Overfull \hbox (16.56998pt too wide) in paragraph at lines 303--304
[]\T2A/cmr/m/it/14.4 Целостность\T2A/cmr/m/n/14.4 : Все корректные процессы пре
длагают одинаковое значение.
 []


Overfull \hbox (6.51578pt too wide) in paragraph at lines 303--304
\T2A/cmr/m/n/14.4 То есть любой корректный процесс находится в состоянии \T2A/c
mr/m/it/14.4 принявшего решение
 []

[8]
Overfull \hbox (23.83736pt too wide) in paragraph at lines 309--310
\T2A/cmr/m/n/14.4 целостность гаратируются благодаря опредлелению большинства и
 и целостности
 []


Overfull \hbox (12.99522pt too wide) in paragraph at lines 309--310
\T2A/cmr/m/n/14.4 значения при рассылки. Каждый процесс получает одинаковый наб
ор значений,
 []


Overfull \hbox (10.71805pt too wide) in paragraph at lines 309--310
\T2A/cmr/m/n/14.4 каждый процесс использует одинаковый функционал для этих знач
ений. Таким
 []


Overfull \hbox (10.4986pt too wide) in paragraph at lines 313--314
\T2A/cmr/m/n/14.4 и процесс принятия соглашения будет прерван. Как известно, ча
сто для запуска
 []


Overfull \hbox (0.57341pt too wide) in paragraph at lines 315--316
[]\T2A/cmr/m/n/14.4 Если процессы выходят из строя в случайном (возможно, визан
тийском)
 []


Overfull \hbox (32.22165pt too wide) in paragraph at lines 315--316
\T2A/cmr/m/n/14.4 результатом злонамеренного умысла. Кто-то может выборочно изм
енить процессы,
 []


Overfull \hbox (3.2383pt too wide) in paragraph at lines 319--320
[]\T2A/cmr/m/n/14.4 В неформальном описании проблема византийских генералов [15
] звучит
 []


Overfull \hbox (25.00133pt too wide) in paragraph at lines 319--320
\T2A/cmr/m/n/14.4 коммандир, отдајт приказ. Остальные, лейтенанты коммандира, д
олжны решить,
 []

[9]
Overfull \hbox (38.7253pt too wide) in paragraph at lines 323--324
[]\T2A/cmr/m/it/14.4 Прерывание \T2A/cmr/m/n/14.4 Каждый случайный процесс созд
ајт его собственную переменную
 []


Overfull \hbox (43.26283pt too wide) in paragraph at lines 351--352
\T2A/cmr/m/n/14.4 уже сущетсвующие идеи (криптографические подписи, дерево хеше
й и одноранговые
 []


Overfull \hbox (1.94443pt too wide) in paragraph at lines 351--352
\T2A/cmr/m/n/14.4 консенсуса, которая была достаточно инновационной для первого
 приложения
 []


Overfull \hbox (70.47264pt too wide) in paragraph at lines 353--354
\T2A/cmr/m/n/14.4 чтобы удостовериться, что участники готовы тратить деньги и р
есурсы (вычислительные
 []


Overfull \hbox (59.61716pt too wide) in paragraph at lines 353--354
\T2A/cmr/m/n/14.4 вреда ведјт к потере этих ресурсов, что должно нанести вред с
амим злоумышленникам. 
 []

[10]
Overfull \hbox (6.86884pt too wide) in paragraph at lines 355--356
[]\T2A/cmr/m/n/14.4 Сложность проблемы может быть изменена в режиме реального в
ремени,
 []


Overfull \hbox (0.24785pt too wide) in paragraph at lines 355--356
\T2A/cmr/m/n/14.4 опираясь на постоянный промежуток времени для вычисления. Ино
гда может
 []


Overfull \hbox (8.42203pt too wide) in paragraph at lines 355--356
\T2A/cmr/m/n/14.4 действий, и самая долгая цепочка выигрывает. Так, предположим
, что большая
 []


Overfull \hbox (27.26443pt too wide) in paragraph at lines 355--356
\T2A/cmr/m/n/14.4 часть участников работает над одним вычислением. Тот участник
, чьј вычисление
 []


Overfull \hbox (4.75699pt too wide) in paragraph at lines 355--356
\T2A/cmr/m/n/14.4 доверительным. Вычисления безопасны до тех пор, пока более $\
OT1/cmr/m/n/14.4 50%$ \T2A/cmr/m/n/14.4 участников
 []


Overfull \hbox (10.12643pt too wide) in paragraph at lines 380--381
\T2A/cmr/m/n/14.4 майнинг, участники должны иметь некоторую ставку, долю (монет
ы) в системе.
 []


Overfull \hbox (1.12033pt too wide) in paragraph at lines 380--381
\T2A/cmr/m/n/14.4 Итак, если у участника есть $\OT1/cmr/m/n/14.4 10%$ \T2A/cmr/
m/n/14.4 монет, то вероятность майнинга в следующем
 []


Overfull \hbox (17.95892pt too wide) in paragraph at lines 382--383
\T2A/cmr/m/n/14.4 различных криптографических вычислений, благодаря которым мож
но открыть
 []

[11]
Overfull \hbox (41.18124pt too wide) in paragraph at lines 384--385
\T2A/cmr/m/n/14.4 сами устройства, необходимые для подтверждения работы. Если ж
е здоумышленник
 []


Overfull \hbox (4.65694pt too wide) in paragraph at lines 404--405
[]\T2A/cmr/m/it/14.4 Используется в: \T2A/cmr/m/n/14.4 Ethereum (разрабатываетс
я) [18], Peer-coin [21] и других. 
 []


Overfull \hbox (5.13477pt too wide) in paragraph at lines 420--421
[]\T2A/cmr/m/n/14.4 В системе есть два типа узлов: подтверждающие (no-tary node
) и обычные
 []


Overfull \hbox (25.0023pt too wide) in paragraph at lines 420--421
\T2A/cmr/m/n/14.4 (com-mon node, node). Подтверждающие узлы выбираются для уже 
согласованных
 []

[12]
Overfull \hbox (7.64911pt too wide) in paragraph at lines 422--423
[]\T2A/cmr/m/n/14.4 Чтобы предотвратить войны майнинга между подтверждающими уз
лами
 []


Overfull \hbox (8.60037pt too wide) in paragraph at lines 422--423
\T2A/cmr/m/n/14.4 (которые могут снизить эффективность), для первого пользовате
ля алгоритма,
 []


Overfull \hbox (16.97568pt too wide) in paragraph at lines 422--423
\T2A/cmr/m/n/14.4 системы Ko-mo-do [22], был разработан метод майнинга с циклич
еским перебором,
 []


Overfull \hbox (1.20044pt too wide) in paragraph at lines 422--423
\T2A/cmr/m/n/14.4 сложности. В рамках этой схемы главному подтверждающему узлу 
разрешено
 []


Overfull \hbox (6.7309pt too wide) in paragraph at lines 437--438
[]\T2A/cmr/m/n/14.4 Ограничение на тип алгоритмов, на которых может базироватьс
я (только
 []


Overfull \hbox (19.41872pt too wide) in paragraph at lines 447--448
\T2A/cmr/m/n/14.4 Pax-os . Он должен был быть более понятным, чем Pax-os, посре
дством разделения
 []


Overfull \hbox (32.9854pt too wide) in paragraph at lines 447--448
\T2A/cmr/m/n/14.4 некоторые дополнительные функции. Raft предлагает общий спосо
б распределения
 []


Overfull \hbox (12.58696pt too wide) in paragraph at lines 447--448
\T2A/cmr/m/n/14.4 каждый узел в кластере согласовывает одну и ту же серию перех
одов состояний.
 []


Overfull \hbox (5.94627pt too wide) in paragraph at lines 447--448
\T2A/cmr/m/n/14.4 Он имеет ряд реализаций ссылок с открытым исходным кодом, с р
еализациями
 []


Overfull \hbox (10.89206pt too wide) in paragraph at lines 449--451
\T2A/cmr/m/n/14.4 конкретном случае выборов (лидер недоступен). Лидер отвечает 
за репликацию
 []


Overfull \hbox (62.49007pt too wide) in paragraph at lines 449--451
\T2A/cmr/m/n/14.4 логов подписчикам. Он регулярно информирует последователей о 
своем существовании,
 []

[13] [14] (./example-work.bbl
LaTeX Font Info:    Try loading font information for T2A+cmtt on input line 18.


(/usr/share/texlive/texmf-dist/tex/latex/cyrillic/t2acmtt.fd
File: t2acmtt.fd 2001/08/11 v1.0a Computer Modern Cyrillic font definitions
)
Underfull \hbox (badness 2653) in paragraph at lines 16--20
\T2A/cmr/m/n/14.4 [Электронный ресурс]. ^^V  URL: [][]$\T2A/cmtt/m/n/14.4 https
 : / / ru . coursera . org / lecture /
 []


Underfull \hbox (badness 10000) in paragraph at lines 16--20
\T2A/cmtt/m/n/14.4 supervised-[]learning / rieshaiushchiie-[]dieriev-[]ia-[]HZx
D1$[][] \T2A/cmr/m/n/14.4 (Дата
 []


Underfull \hbox (badness 2503) in paragraph at lines 45--48
[]\T2A/cmr/m/n/14.4 Лекции Ульяновского государственного университета [Электрон
ный
 []


Underfull \hbox (badness 5431) in paragraph at lines 45--48
\T2A/cmr/m/n/14.4 ресурс]. ^^V  URL: [][]$\T2A/cmtt/m/n/14.4 https : / / studfi
les . net / preview / 6172591 / page : 10$[][]
 []

[15

]
Underfull \hbox (badness 10000) in paragraph at lines 132--136
[]\T2A/cmr/m/it/14.4 Мартин, Н. \T2A/cmr/m/n/14.4 Математическая теория энтропи
и / Н. Мартин,
 []


Underfull \hbox (badness 7722) in paragraph at lines 139--143
[]\T2A/cmr/m/it/14.4 Шеннон, К. \T2A/cmr/m/n/14.4 Работы по теории информации и
 кибернетике /
 []


Underfull \hbox (badness 5533) in paragraph at lines 146--151
\T2A/cmr/m/n/14.4 обработка, визуализация и моделирование данных / Х. Уикем,
 []


Underfull \hbox (badness 3623) in paragraph at lines 161--166
\T2A/cmr/m/n/14.4 и Ten-sor-Flow. Концепции, инструменты и техники для создания

 []

) [16]
Package atveryend Info: Empty hook `BeforeClearDocument' on input line 475.
 [17

]
Package atveryend Info: Empty hook `AfterLastShipout' on input line 475.
 (./example-work.aux)
Package atveryend Info: Executing hook `AtVeryEndDocument' on input line 475.
Package atveryend Info: Executing hook `AtEndAfterFileList' on input line 475.
Package rerunfilecheck Info: File `example-work.out' has not changed.
(rerunfilecheck)             Checksum: 48936F93D9E3A3AB0CD4062C3CB985F1;3149.
Package atveryend Info: Empty hook `AtVeryVeryEnd' on input line 475.
 ) 
Here is how much of TeX's memory you used:
 15395 strings out of 494553
 218032 string characters out of 6177318
 314735 words of memory out of 5000000
 18832 multiletter control sequences out of 15000+600000
 9704 words of font info for 31 fonts, out of 8000000 for 9000
 14 hyphenation exceptions out of 8191
 43i,8n,40p,1120b,503s stack positions out of 5000i,500n,10000p,200000b,80000s
{/usr/share/texlive/texmf-dist/fonts/enc/dvips/cm-super/cm-super-t2a.enc}</us
r/share/texlive/texmf-dist/fonts/type1/public/amsfonts/cm/cmmi10.pfb></usr/shar
e/texlive/texmf-dist/fonts/type1/public/amsfonts/cm/cmmi12.pfb></usr/share/texl
ive/texmf-dist/fonts/type1/public/amsfonts/cm/cmr10.pfb></usr/share/texlive/tex
mf-dist/fonts/type1/public/amsfonts/cm/cmr12.pfb></usr/share/texlive/texmf-dist
/fonts/type1/public/amsfonts/cm/cmsy10.pfb></usr/share/texlive/texmf-dist/fonts
/type1/public/amsfonts/symbols/msbm10.pfb></usr/share/texlive/texmf-dist/fonts/
type1/public/cm-super/sfbx1440.pfb></usr/share/texlive/texmf-dist/fonts/type1/p
ublic/cm-super/sfrm1440.pfb></usr/share/texlive/texmf-dist/fonts/type1/public/c
m-super/sfti1440.pfb></usr/share/texlive/texmf-dist/fonts/type1/public/cm-super
/sftt1440.pfb>
Output written on example-work.pdf (17 pages, 209679 bytes).
PDF statistics:
 222 PDF objects out of 1000 (max. 8388607)
 190 compressed objects within 2 object streams
 51 named destinations out of 1000 (max. 500000)
 97 words of extra memory for PDF output out of 10000 (max. 10000000)

